<?xml version='1.0' encoding='UTF-8'?>
<testsuite hostname="DESKTOP-0PUOE85" name="InstrumentationDriverUnitTest" tests="2" errors="0" failures="0" skipped="0" time="1.437" timestamp="2019-12-10T13:34:24">
                     <properties>
[...]
</properties>
                     <testcase classname="InstrumentationDriverUnitTest" name="The readLineByLine method should return the logging occurrences in the form of an ArrayBuffer" time="1.434">
                                                 
                                               </testcase><testcase classname="InstrumentationDriverUnitTest" name="The stripPackageName method should remove the package declaration in the source code" time="0.003">
                                                 
                                               </testcase>
                     <system-out><![CDATA[]]></system-out>
                     <system-err><![CDATA[]]></system-err>
                   </testsuite>